<?xml version="1.0" encoding="UTF-8"?>
<!-- Generated by org.testng.reporters.JUnitReportReporter -->
<testsuite hostname="DESKTOP-GNQSU11" failures="0" tests="1" name="tutorialninjatestcases.Login" time="8.744" errors="0" timestamp="2024-06-27T20:52:03 NPT" skipped="0">
  <testcase classname="tutorialninjatestcases.Login" name="verifyLoginwithValidCredentials" time="8.744"/>
</testsuite> <!-- tutorialninjatestcases.Login -->
